./path_finding.c:22: MAJOR:C-H1
./path_finding.c:54: MINOR:C-F8
./path_finding.c:54: MINOR:C-G7
./path_finding.c:79: MINOR:C-L3
./path_finding.c:87: MAJOR:C-O3
./path_finding.c:89: MINOR:C-L2
./path_finding.c:91: MINOR:C-L6
./path_finding.c:92: MINOR:C-L6
./path_finding.c:93: MINOR:C-L3
./path_finding.c:97: MINOR:C-L6
./path_finding.c:98: INFO:C-A3
./test_gpt.c:1: MINOR:C-G1
./test_gpt.c:6: MAJOR:C-H1
./test_gpt.c:9: MAJOR:C-H1
./test_gpt.c:21: MINOR:C-L4
./test_gpt.c:26: MINOR:C-L4
./test_gpt.c:28: MINOR:C-L6
./test_gpt.c:35: MINOR:C-F8
./test_gpt.c:40: MINOR:C-L4
./test_gpt.c:41: MAJOR:C-F3
./test_gpt.c:46: MAJOR:C-L1
./test_gpt.c:50: MINOR:C-L4
./test_gpt.c:51: MINOR:C-F8
./test_gpt.c:52: MINOR:C-F8
./test_gpt.c:52: MAJOR:C-L1
./test_gpt.c:56: MAJOR:C-L1
./test_gpt.c:57: MINOR:C-L6
./test_gpt.c:59: MAJOR:C-L1
./test_gpt.c:61: MINOR:C-F8
./test_gpt.c:63: MINOR:C-F8
./test_gpt.c:65: MAJOR:C-L5
./test_gpt.c:66: MAJOR:C-C1
./test_gpt.c:68: MAJOR:C-L1
./test_gpt.c:71: MAJOR:C-F4
./test_gpt.c:72: MAJOR:C-F4
./test_gpt.c:72: MINOR:C-F8
./test_gpt.c:76: MINOR:C-L4
./test_gpt.c:79: MAJOR:C-L5
./test_gpt.c:80: MAJOR:C-C1
./test_gpt.c:87: MAJOR:C-F6
./test_gpt.c:87: MINOR:C-L4
./test_gpt.c:87: MAJOR:C-O3
./test_gpt.c:88: MINOR:C-F8
./test_gpt.c:94: MINOR:C-L6
./test_gpt.c:95: MINOR:C-F8
./test_gpt.c:96: MINOR:C-L6
./test_gpt.c:101: MINOR:C-L6
./test_gpt.c:102: MINOR:C-F8
./test_gpt.c:103: MAJOR:C-L5
./test_gpt.c:108: MAJOR:C-F4
./test_gpt.c:108: MINOR:C-L6
./test_gpt.c:109: MAJOR:C-F4
./test_gpt.c:109: MINOR:C-F8
./test_gpt.c:110: MAJOR:C-F4
./test_gpt.c:111: MAJOR:C-F4
./test_gpt.c:111: MINOR:C-L6
./test_gpt.c:112: MAJOR:C-F4
./test_gpt.c:112: MINOR:C-F8
./test_gpt.c:113: MAJOR:C-F4
./test_gpt.c:114: MAJOR:C-F4
./test_gpt.c:115: MAJOR:C-F4
./test_gpt.c:116: MAJOR:C-F4
./test_gpt.c:116: MINOR:C-L6
./test_gpt.c:117: MAJOR:C-F4
./test_gpt.c:117: MINOR:C-F8
./test_gpt.c:118: MAJOR:C-F4
./test_gpt.c:119: MAJOR:C-F4
./test_gpt.c:120: MAJOR:C-F4
./test_gpt.c:121: MAJOR:C-F4
./test_gpt.c:122: MAJOR:C-F4
./test_gpt.c:123: MAJOR:C-F4
./test_gpt.c:123: MINOR:C-L6
./test_gpt.c:124: MAJOR:C-F4
